0 info it worked if it ends with ok
1 verbose cli [ '/home/calvin/.nvm/versions/node/v6.1.0/bin/node',
1 verbose cli   '/home/calvin/.nvm/versions/node/v6.1.0/bin/npm',
1 verbose cli   'remove',
1 verbose cli   'react-infinite' ]
2 info using npm@3.8.6
3 info using node@v6.1.0
4 silly loadCurrentTree Starting
5 silly install loadCurrentTree
6 silly install readLocalPackageData
7 silly install normalizeTree
8 silly loadCurrentTree Finishing
9 silly loadIdealTree Starting
10 silly install loadIdealTree
11 silly cloneCurrentTree Starting
12 silly install cloneCurrentTreeToIdealTree
13 silly cloneCurrentTree Finishing
14 silly loadShrinkwrap Starting
15 silly install loadShrinkwrap
16 silly loadShrinkwrap Finishing
17 silly loadAllDepsIntoIdealTree Starting
18 silly uninstall loadAllDepsIntoIdealtree
19 silly loadAllDepsIntoIdealTree Finishing
20 silly idealTree:prePrune Pix@1.0.0
20 silly idealTree:prePrune ├── acorn@3.3.0
20 silly idealTree:prePrune ├── align-text@0.1.4
20 silly idealTree:prePrune ├── amdefine@1.0.0
20 silly idealTree:prePrune ├── ansi-regex@2.0.0
20 silly idealTree:prePrune ├── ansi-styles@2.2.1
20 silly idealTree:prePrune ├── anymatch@1.3.0
20 silly idealTree:prePrune ├── arr-diff@2.0.0
20 silly idealTree:prePrune ├── arr-flatten@1.0.1
20 silly idealTree:prePrune ├── array-unique@0.2.1
20 silly idealTree:prePrune ├── arrify@1.0.1
20 silly idealTree:prePrune ├── asap@2.0.4
20 silly idealTree:prePrune ├── assert@1.4.1
20 silly idealTree:prePrune ├── async-each@1.0.1
20 silly idealTree:prePrune ├── async@1.5.2
20 silly idealTree:prePrune ├── babel-code-frame@6.11.0
20 silly idealTree:prePrune ├── babel-core@6.14.0
20 silly idealTree:prePrune ├── babel-generator@6.14.0
20 silly idealTree:prePrune ├── babel-helper-builder-react-jsx@6.9.0
20 silly idealTree:prePrune ├── babel-helper-call-delegate@6.8.0
20 silly idealTree:prePrune ├── babel-helper-define-map@6.9.0
20 silly idealTree:prePrune ├── babel-helper-function-name@6.8.0
20 silly idealTree:prePrune ├── babel-helper-get-function-arity@6.8.0
20 silly idealTree:prePrune ├── babel-helper-hoist-variables@6.8.0
20 silly idealTree:prePrune ├── babel-helper-optimise-call-expression@6.8.0
20 silly idealTree:prePrune ├── babel-helper-regex@6.9.0
20 silly idealTree:prePrune ├── babel-helper-replace-supers@6.14.0
20 silly idealTree:prePrune ├── babel-helpers@6.8.0
20 silly idealTree:prePrune ├── babel-loader@6.2.5
20 silly idealTree:prePrune ├── babel-messages@6.8.0
20 silly idealTree:prePrune ├── babel-plugin-check-es2015-constants@6.8.0
20 silly idealTree:prePrune ├── babel-plugin-syntax-async-functions@6.13.0
20 silly idealTree:prePrune ├── babel-plugin-syntax-flow@6.13.0
20 silly idealTree:prePrune ├── babel-plugin-syntax-jsx@6.13.0
20 silly idealTree:prePrune ├── babel-plugin-transform-es2015-arrow-functions@6.8.0
20 silly idealTree:prePrune ├── babel-plugin-transform-es2015-block-scoped-functions@6.8.0
20 silly idealTree:prePrune ├── babel-plugin-transform-es2015-block-scoping@6.15.0
20 silly idealTree:prePrune ├── babel-plugin-transform-es2015-classes@6.14.0
20 silly idealTree:prePrune ├── babel-plugin-transform-es2015-computed-properties@6.8.0
20 silly idealTree:prePrune ├── babel-plugin-transform-es2015-destructuring@6.9.0
20 silly idealTree:prePrune ├── babel-plugin-transform-es2015-duplicate-keys@6.8.0
20 silly idealTree:prePrune ├── babel-plugin-transform-es2015-for-of@6.8.0
20 silly idealTree:prePrune ├── babel-plugin-transform-es2015-function-name@6.9.0
20 silly idealTree:prePrune ├── babel-plugin-transform-es2015-literals@6.8.0
20 silly idealTree:prePrune ├── babel-plugin-transform-es2015-modules-amd@6.8.0
20 silly idealTree:prePrune ├── babel-plugin-transform-es2015-modules-commonjs@6.14.0
20 silly idealTree:prePrune ├── babel-plugin-transform-es2015-modules-systemjs@6.14.0
20 silly idealTree:prePrune ├── babel-plugin-transform-es2015-modules-umd@6.12.0
20 silly idealTree:prePrune ├── babel-plugin-transform-es2015-object-super@6.8.0
20 silly idealTree:prePrune ├── babel-plugin-transform-es2015-parameters@6.11.4
20 silly idealTree:prePrune ├── babel-plugin-transform-es2015-shorthand-properties@6.8.0
20 silly idealTree:prePrune ├── babel-plugin-transform-es2015-spread@6.8.0
20 silly idealTree:prePrune ├── babel-plugin-transform-es2015-sticky-regex@6.8.0
20 silly idealTree:prePrune ├── babel-plugin-transform-es2015-template-literals@6.8.0
20 silly idealTree:prePrune ├── babel-plugin-transform-es2015-typeof-symbol@6.8.0
20 silly idealTree:prePrune ├── babel-plugin-transform-es2015-unicode-regex@6.11.0
20 silly idealTree:prePrune ├── babel-plugin-transform-flow-strip-types@6.14.0
20 silly idealTree:prePrune ├── babel-plugin-transform-react-display-name@6.8.0
20 silly idealTree:prePrune ├── babel-plugin-transform-react-jsx-self@6.11.0
20 silly idealTree:prePrune ├── babel-plugin-transform-react-jsx-source@6.9.0
20 silly idealTree:prePrune ├── babel-plugin-transform-react-jsx@6.8.0
20 silly idealTree:prePrune ├── babel-plugin-transform-regenerator@6.14.0
20 silly idealTree:prePrune ├── babel-plugin-transform-strict-mode@6.11.3
20 silly idealTree:prePrune ├── babel-preset-es2015@6.14.0
20 silly idealTree:prePrune ├── babel-preset-react@6.11.1
20 silly idealTree:prePrune ├── babel-register@6.14.0
20 silly idealTree:prePrune ├── babel-runtime@6.11.6
20 silly idealTree:prePrune ├── babel-template@6.15.0
20 silly idealTree:prePrune ├── babel-traverse@6.15.0
20 silly idealTree:prePrune ├── babel-types@6.15.0
20 silly idealTree:prePrune ├── babylon@6.9.2
20 silly idealTree:prePrune ├── balanced-match@0.4.2
20 silly idealTree:prePrune ├── base64-js@1.1.2
20 silly idealTree:prePrune ├── Base64@0.2.1
20 silly idealTree:prePrune ├── big.js@3.1.3
20 silly idealTree:prePrune ├── binary-extensions@1.6.0
20 silly idealTree:prePrune ├── bootbox@4.4.0
20 silly idealTree:prePrune ├── brace-expansion@1.1.6
20 silly idealTree:prePrune ├── braces@1.8.5
20 silly idealTree:prePrune ├── browserify-zlib@0.1.4
20 silly idealTree:prePrune ├── buffer-shims@1.0.0
20 silly idealTree:prePrune ├── buffer@4.9.1
20 silly idealTree:prePrune ├── camelcase@1.2.1
20 silly idealTree:prePrune ├── center-align@0.1.3
20 silly idealTree:prePrune ├── chalk@1.1.3
20 silly idealTree:prePrune ├── chokidar@1.6.0
20 silly idealTree:prePrune ├─┬ cliui@2.1.0
20 silly idealTree:prePrune │ └── wordwrap@0.0.2
20 silly idealTree:prePrune ├── clone@1.0.2
20 silly idealTree:prePrune ├── concat-map@0.0.1
20 silly idealTree:prePrune ├── console-browserify@1.1.0
20 silly idealTree:prePrune ├── constants-browserify@0.0.1
20 silly idealTree:prePrune ├── convert-source-map@1.3.0
20 silly idealTree:prePrune ├── core-js@2.4.1
20 silly idealTree:prePrune ├── core-util-is@1.0.2
20 silly idealTree:prePrune ├── crypto-browserify@3.2.8
20 silly idealTree:prePrune ├── date-now@0.1.4
20 silly idealTree:prePrune ├── debug@2.2.0
20 silly idealTree:prePrune ├── decamelize@1.2.0
20 silly idealTree:prePrune ├── deep-equal@1.0.1
20 silly idealTree:prePrune ├── detect-indent@3.0.1
20 silly idealTree:prePrune ├── domain-browser@1.1.7
20 silly idealTree:prePrune ├── emojis-list@2.0.1
20 silly idealTree:prePrune ├── encoding@0.1.12
20 silly idealTree:prePrune ├─┬ enhanced-resolve@0.9.1
20 silly idealTree:prePrune │ └── memory-fs@0.2.0
20 silly idealTree:prePrune ├── errno@0.1.4
20 silly idealTree:prePrune ├── escape-string-regexp@1.0.5
20 silly idealTree:prePrune ├── esutils@2.0.2
20 silly idealTree:prePrune ├── events@1.1.1
20 silly idealTree:prePrune ├── expand-brackets@0.1.5
20 silly idealTree:prePrune ├── expand-range@1.8.2
20 silly idealTree:prePrune ├── extglob@0.3.2
20 silly idealTree:prePrune ├─┬ fbjs@0.8.4
20 silly idealTree:prePrune │ └── core-js@1.2.7
20 silly idealTree:prePrune ├── filename-regex@2.0.0
20 silly idealTree:prePrune ├── fill-range@2.2.3
20 silly idealTree:prePrune ├── for-in@0.1.6
20 silly idealTree:prePrune ├── for-own@0.1.4
20 silly idealTree:prePrune ├── get-stdin@4.0.1
20 silly idealTree:prePrune ├── glob-base@0.3.0
20 silly idealTree:prePrune ├── glob-parent@2.0.0
20 silly idealTree:prePrune ├── globals@8.18.0
20 silly idealTree:prePrune ├── graceful-fs@4.1.6
20 silly idealTree:prePrune ├── has-ansi@2.0.0
20 silly idealTree:prePrune ├── has-flag@1.0.0
20 silly idealTree:prePrune ├── history@4.3.0
20 silly idealTree:prePrune ├── hoist-non-react-statics@1.2.0
20 silly idealTree:prePrune ├── home-or-tmp@1.0.0
20 silly idealTree:prePrune ├── http-browserify@1.7.0
20 silly idealTree:prePrune ├── https-browserify@0.0.0
20 silly idealTree:prePrune ├── iconv-lite@0.4.13
20 silly idealTree:prePrune ├── ieee754@1.1.6
20 silly idealTree:prePrune ├── immutable@3.8.1
20 silly idealTree:prePrune ├── indexof@0.0.1
20 silly idealTree:prePrune ├── inherits@2.0.3
20 silly idealTree:prePrune ├── interpret@0.6.6
20 silly idealTree:prePrune ├── invariant@2.2.1
20 silly idealTree:prePrune ├── is-binary-path@1.0.1
20 silly idealTree:prePrune ├── is-buffer@1.1.4
20 silly idealTree:prePrune ├── is-dotfile@1.0.2
20 silly idealTree:prePrune ├── is-equal-shallow@0.1.3
20 silly idealTree:prePrune ├── is-extendable@0.1.1
20 silly idealTree:prePrune ├── is-extglob@1.0.0
20 silly idealTree:prePrune ├── is-finite@1.0.1
20 silly idealTree:prePrune ├── is-glob@2.0.1
20 silly idealTree:prePrune ├── is-number@2.1.0
20 silly idealTree:prePrune ├── is-posix-bracket@0.1.1
20 silly idealTree:prePrune ├── is-primitive@2.0.0
20 silly idealTree:prePrune ├── is-stream@1.1.0
20 silly idealTree:prePrune ├── isarray@1.0.0
20 silly idealTree:prePrune ├── isobject@2.1.0
20 silly idealTree:prePrune ├── isomorphic-fetch@2.2.1
20 silly idealTree:prePrune ├── jquery@3.1.1
20 silly idealTree:prePrune ├── js-tokens@2.0.0
20 silly idealTree:prePrune ├── jsesc@0.5.0
20 silly idealTree:prePrune ├── json5@0.4.0
20 silly idealTree:prePrune ├── kind-of@3.0.4
20 silly idealTree:prePrune ├── lazy-cache@1.0.4
20 silly idealTree:prePrune ├─┬ loader-utils@0.2.16
20 silly idealTree:prePrune │ └── json5@0.5.0
20 silly idealTree:prePrune ├── lodash-es@4.15.0
20 silly idealTree:prePrune ├── lodash@4.15.0
20 silly idealTree:prePrune ├── longest@1.0.1
20 silly idealTree:prePrune ├─┬ loose-envify@1.2.0
20 silly idealTree:prePrune │ └── js-tokens@1.0.3
20 silly idealTree:prePrune ├── memory-fs@0.3.0
20 silly idealTree:prePrune ├── micromatch@2.3.11
20 silly idealTree:prePrune ├── minimatch@3.0.3
20 silly idealTree:prePrune ├── minimist@1.2.0
20 silly idealTree:prePrune ├─┬ mkdirp@0.5.1
20 silly idealTree:prePrune │ └── minimist@0.0.8
20 silly idealTree:prePrune ├── ms@0.7.1
20 silly idealTree:prePrune ├── node-fetch@1.6.1
20 silly idealTree:prePrune ├─┬ node-libs-browser@0.6.0
20 silly idealTree:prePrune │ ├── isarray@0.0.1
20 silly idealTree:prePrune │ └── readable-stream@1.1.14
20 silly idealTree:prePrune ├── normalize-path@2.0.1
20 silly idealTree:prePrune ├── number-is-nan@1.0.0
20 silly idealTree:prePrune ├── object-assign@4.1.0
20 silly idealTree:prePrune ├── object.omit@2.0.0
20 silly idealTree:prePrune ├─┬ optimist@0.6.1
20 silly idealTree:prePrune │ └── minimist@0.0.10
20 silly idealTree:prePrune ├── os-browserify@0.1.2
20 silly idealTree:prePrune ├── os-tmpdir@1.0.1
20 silly idealTree:prePrune ├── pako@0.2.9
20 silly idealTree:prePrune ├── parse-glob@3.0.4
20 silly idealTree:prePrune ├── path-browserify@0.0.0
20 silly idealTree:prePrune ├── path-exists@1.0.0
20 silly idealTree:prePrune ├── path-is-absolute@1.0.0
20 silly idealTree:prePrune ├── pbkdf2-compat@2.0.1
20 silly idealTree:prePrune ├── preserve@0.2.0
20 silly idealTree:prePrune ├── private@0.1.6
20 silly idealTree:prePrune ├── process-nextick-args@1.0.7
20 silly idealTree:prePrune ├── process@0.11.9
20 silly idealTree:prePrune ├── promise@7.1.1
20 silly idealTree:prePrune ├── prr@0.0.0
20 silly idealTree:prePrune ├── punycode@1.4.1
20 silly idealTree:prePrune ├── query-string@3.0.3
20 silly idealTree:prePrune ├── querystring-es3@0.2.1
20 silly idealTree:prePrune ├── querystring@0.2.0
20 silly idealTree:prePrune ├── randomatic@1.1.5
20 silly idealTree:prePrune ├── react-addons-css-transition-group@15.3.2
20 silly idealTree:prePrune ├── react-dom@15.3.1
20 silly idealTree:prePrune ├── react-keydown@1.6.2
20 silly idealTree:prePrune ├── react-loading@0.0.9
20 silly idealTree:prePrune ├── react-redux@4.4.5
20 silly idealTree:prePrune ├─┬ react-router@2.8.1
20 silly idealTree:prePrune │ └─┬ history@2.1.2
20 silly idealTree:prePrune │   └── warning@2.1.0
20 silly idealTree:prePrune ├── react@15.3.1
20 silly idealTree:prePrune ├── readable-stream@2.1.5
20 silly idealTree:prePrune ├── readdirp@2.1.0
20 silly idealTree:prePrune ├── redux@3.6.0
20 silly idealTree:prePrune ├── regenerate@1.3.1
20 silly idealTree:prePrune ├── regenerator-runtime@0.9.5
20 silly idealTree:prePrune ├── regex-cache@0.4.3
20 silly idealTree:prePrune ├── regexpu-core@2.0.0
20 silly idealTree:prePrune ├── regjsgen@0.2.0
20 silly idealTree:prePrune ├── regjsparser@0.1.5
20 silly idealTree:prePrune ├── repeat-element@1.1.2
20 silly idealTree:prePrune ├── repeat-string@1.5.4
20 silly idealTree:prePrune ├── repeating@1.1.3
20 silly idealTree:prePrune ├── resolve-pathname@2.0.2
20 silly idealTree:prePrune ├── right-align@0.1.3
20 silly idealTree:prePrune ├── ripemd160@0.2.0
20 silly idealTree:prePrune ├── set-immediate-shim@1.0.1
20 silly idealTree:prePrune ├── sha.js@2.2.6
20 silly idealTree:prePrune ├── shebang-regex@1.0.0
20 silly idealTree:prePrune ├── slash@1.0.0
20 silly idealTree:prePrune ├── source-list-map@0.1.6
20 silly idealTree:prePrune ├─┬ source-map-support@0.2.10
20 silly idealTree:prePrune │ └── source-map@0.1.32
20 silly idealTree:prePrune ├── source-map@0.5.6
20 silly idealTree:prePrune ├─┬ stream-browserify@1.0.0
20 silly idealTree:prePrune │ ├── isarray@0.0.1
20 silly idealTree:prePrune │ └── readable-stream@1.1.14
20 silly idealTree:prePrune ├── strict-uri-encode@1.1.0
20 silly idealTree:prePrune ├── string_decoder@0.10.31
20 silly idealTree:prePrune ├── strip-ansi@3.0.1
20 silly idealTree:prePrune ├── supports-color@2.0.0
20 silly idealTree:prePrune ├── symbol-observable@1.0.2
20 silly idealTree:prePrune ├── tapable@0.1.10
20 silly idealTree:prePrune ├── timers-browserify@1.4.2
20 silly idealTree:prePrune ├── to-fast-properties@1.0.2
20 silly idealTree:prePrune ├── tty-browserify@0.0.0
20 silly idealTree:prePrune ├── ua-parser-js@0.7.10
20 silly idealTree:prePrune ├─┬ uglify-js@2.6.4
20 silly idealTree:prePrune │ └── async@0.2.10
20 silly idealTree:prePrune ├── uglify-to-browserify@1.0.2
20 silly idealTree:prePrune ├─┬ url@0.10.3
20 silly idealTree:prePrune │ └── punycode@1.3.2
20 silly idealTree:prePrune ├── user-home@1.1.1
20 silly idealTree:prePrune ├── util-deprecate@1.0.2
20 silly idealTree:prePrune ├─┬ util@0.10.3
20 silly idealTree:prePrune │ └── inherits@2.0.1
20 silly idealTree:prePrune ├── vm-browserify@0.0.4
20 silly idealTree:prePrune ├── warning@3.0.0
20 silly idealTree:prePrune ├─┬ watchpack@0.2.9
20 silly idealTree:prePrune │ └── async@0.9.2
20 silly idealTree:prePrune ├─┬ webpack-core@0.6.8
20 silly idealTree:prePrune │ └── source-map@0.4.4
20 silly idealTree:prePrune ├─┬ webpack@1.13.2
20 silly idealTree:prePrune │ └── supports-color@3.1.2
20 silly idealTree:prePrune ├── whatwg-fetch@1.0.0
20 silly idealTree:prePrune ├── window-size@0.1.0
20 silly idealTree:prePrune ├── wordwrap@0.0.3
20 silly idealTree:prePrune └── yargs@3.10.0
21 silly loadIdealTree Finishing
22 silly currentTree Pix@1.0.0
22 silly currentTree ├── acorn@3.3.0
22 silly currentTree ├── align-text@0.1.4
22 silly currentTree ├── amdefine@1.0.0
22 silly currentTree ├── ansi-regex@2.0.0
22 silly currentTree ├── ansi-styles@2.2.1
22 silly currentTree ├── anymatch@1.3.0
22 silly currentTree ├── arr-diff@2.0.0
22 silly currentTree ├── arr-flatten@1.0.1
22 silly currentTree ├── array-unique@0.2.1
22 silly currentTree ├── arrify@1.0.1
22 silly currentTree ├── asap@2.0.4
22 silly currentTree ├── assert@1.4.1
22 silly currentTree ├── async-each@1.0.1
22 silly currentTree ├── async@1.5.2
22 silly currentTree ├── babel-code-frame@6.11.0
22 silly currentTree ├── babel-core@6.14.0
22 silly currentTree ├── babel-generator@6.14.0
22 silly currentTree ├── babel-helper-builder-react-jsx@6.9.0
22 silly currentTree ├── babel-helper-call-delegate@6.8.0
22 silly currentTree ├── babel-helper-define-map@6.9.0
22 silly currentTree ├── babel-helper-function-name@6.8.0
22 silly currentTree ├── babel-helper-get-function-arity@6.8.0
22 silly currentTree ├── babel-helper-hoist-variables@6.8.0
22 silly currentTree ├── babel-helper-optimise-call-expression@6.8.0
22 silly currentTree ├── babel-helper-regex@6.9.0
22 silly currentTree ├── babel-helper-replace-supers@6.14.0
22 silly currentTree ├── babel-helpers@6.8.0
22 silly currentTree ├── babel-loader@6.2.5
22 silly currentTree ├── babel-messages@6.8.0
22 silly currentTree ├── babel-plugin-check-es2015-constants@6.8.0
22 silly currentTree ├── babel-plugin-syntax-async-functions@6.13.0
22 silly currentTree ├── babel-plugin-syntax-flow@6.13.0
22 silly currentTree ├── babel-plugin-syntax-jsx@6.13.0
22 silly currentTree ├── babel-plugin-transform-es2015-arrow-functions@6.8.0
22 silly currentTree ├── babel-plugin-transform-es2015-block-scoped-functions@6.8.0
22 silly currentTree ├── babel-plugin-transform-es2015-block-scoping@6.15.0
22 silly currentTree ├── babel-plugin-transform-es2015-classes@6.14.0
22 silly currentTree ├── babel-plugin-transform-es2015-computed-properties@6.8.0
22 silly currentTree ├── babel-plugin-transform-es2015-destructuring@6.9.0
22 silly currentTree ├── babel-plugin-transform-es2015-duplicate-keys@6.8.0
22 silly currentTree ├── babel-plugin-transform-es2015-for-of@6.8.0
22 silly currentTree ├── babel-plugin-transform-es2015-function-name@6.9.0
22 silly currentTree ├── babel-plugin-transform-es2015-literals@6.8.0
22 silly currentTree ├── babel-plugin-transform-es2015-modules-amd@6.8.0
22 silly currentTree ├── babel-plugin-transform-es2015-modules-commonjs@6.14.0
22 silly currentTree ├── babel-plugin-transform-es2015-modules-systemjs@6.14.0
22 silly currentTree ├── babel-plugin-transform-es2015-modules-umd@6.12.0
22 silly currentTree ├── babel-plugin-transform-es2015-object-super@6.8.0
22 silly currentTree ├── babel-plugin-transform-es2015-parameters@6.11.4
22 silly currentTree ├── babel-plugin-transform-es2015-shorthand-properties@6.8.0
22 silly currentTree ├── babel-plugin-transform-es2015-spread@6.8.0
22 silly currentTree ├── babel-plugin-transform-es2015-sticky-regex@6.8.0
22 silly currentTree ├── babel-plugin-transform-es2015-template-literals@6.8.0
22 silly currentTree ├── babel-plugin-transform-es2015-typeof-symbol@6.8.0
22 silly currentTree ├── babel-plugin-transform-es2015-unicode-regex@6.11.0
22 silly currentTree ├── babel-plugin-transform-flow-strip-types@6.14.0
22 silly currentTree ├── babel-plugin-transform-react-display-name@6.8.0
22 silly currentTree ├── babel-plugin-transform-react-jsx-self@6.11.0
22 silly currentTree ├── babel-plugin-transform-react-jsx-source@6.9.0
22 silly currentTree ├── babel-plugin-transform-react-jsx@6.8.0
22 silly currentTree ├── babel-plugin-transform-regenerator@6.14.0
22 silly currentTree ├── babel-plugin-transform-strict-mode@6.11.3
22 silly currentTree ├── babel-preset-es2015@6.14.0
22 silly currentTree ├── babel-preset-react@6.11.1
22 silly currentTree ├── babel-register@6.14.0
22 silly currentTree ├── babel-runtime@6.11.6
22 silly currentTree ├── babel-template@6.15.0
22 silly currentTree ├── babel-traverse@6.15.0
22 silly currentTree ├── babel-types@6.15.0
22 silly currentTree ├── babylon@6.9.2
22 silly currentTree ├── balanced-match@0.4.2
22 silly currentTree ├── base64-js@1.1.2
22 silly currentTree ├── Base64@0.2.1
22 silly currentTree ├── big.js@3.1.3
22 silly currentTree ├── binary-extensions@1.6.0
22 silly currentTree ├── bootbox@4.4.0
22 silly currentTree ├── brace-expansion@1.1.6
22 silly currentTree ├── braces@1.8.5
22 silly currentTree ├── browserify-zlib@0.1.4
22 silly currentTree ├── buffer-shims@1.0.0
22 silly currentTree ├── buffer@4.9.1
22 silly currentTree ├── camelcase@1.2.1
22 silly currentTree ├── center-align@0.1.3
22 silly currentTree ├── chalk@1.1.3
22 silly currentTree ├── chokidar@1.6.0
22 silly currentTree ├─┬ cliui@2.1.0
22 silly currentTree │ └── wordwrap@0.0.2
22 silly currentTree ├── clone@1.0.2
22 silly currentTree ├── concat-map@0.0.1
22 silly currentTree ├── console-browserify@1.1.0
22 silly currentTree ├── constants-browserify@0.0.1
22 silly currentTree ├── convert-source-map@1.3.0
22 silly currentTree ├── core-js@2.4.1
22 silly currentTree ├── core-util-is@1.0.2
22 silly currentTree ├── crypto-browserify@3.2.8
22 silly currentTree ├── date-now@0.1.4
22 silly currentTree ├── debug@2.2.0
22 silly currentTree ├── decamelize@1.2.0
22 silly currentTree ├── deep-equal@1.0.1
22 silly currentTree ├── detect-indent@3.0.1
22 silly currentTree ├── domain-browser@1.1.7
22 silly currentTree ├── emojis-list@2.0.1
22 silly currentTree ├── encoding@0.1.12
22 silly currentTree ├─┬ enhanced-resolve@0.9.1
22 silly currentTree │ └── memory-fs@0.2.0
22 silly currentTree ├── errno@0.1.4
22 silly currentTree ├── escape-string-regexp@1.0.5
22 silly currentTree ├── esutils@2.0.2
22 silly currentTree ├── events@1.1.1
22 silly currentTree ├── expand-brackets@0.1.5
22 silly currentTree ├── expand-range@1.8.2
22 silly currentTree ├── extglob@0.3.2
22 silly currentTree ├─┬ fbjs@0.8.4
22 silly currentTree │ └── core-js@1.2.7
22 silly currentTree ├── filename-regex@2.0.0
22 silly currentTree ├── fill-range@2.2.3
22 silly currentTree ├── for-in@0.1.6
22 silly currentTree ├── for-own@0.1.4
22 silly currentTree ├── get-stdin@4.0.1
22 silly currentTree ├── glob-base@0.3.0
22 silly currentTree ├── glob-parent@2.0.0
22 silly currentTree ├── globals@8.18.0
22 silly currentTree ├── graceful-fs@4.1.6
22 silly currentTree ├── has-ansi@2.0.0
22 silly currentTree ├── has-flag@1.0.0
22 silly currentTree ├── history@4.3.0
22 silly currentTree ├── hoist-non-react-statics@1.2.0
22 silly currentTree ├── home-or-tmp@1.0.0
22 silly currentTree ├── http-browserify@1.7.0
22 silly currentTree ├── https-browserify@0.0.0
22 silly currentTree ├── iconv-lite@0.4.13
22 silly currentTree ├── ieee754@1.1.6
22 silly currentTree ├── immutable@3.8.1
22 silly currentTree ├── indexof@0.0.1
22 silly currentTree ├── inherits@2.0.3
22 silly currentTree ├── interpret@0.6.6
22 silly currentTree ├── invariant@2.2.1
22 silly currentTree ├── is-binary-path@1.0.1
22 silly currentTree ├── is-buffer@1.1.4
22 silly currentTree ├── is-dotfile@1.0.2
22 silly currentTree ├── is-equal-shallow@0.1.3
22 silly currentTree ├── is-extendable@0.1.1
22 silly currentTree ├── is-extglob@1.0.0
22 silly currentTree ├── is-finite@1.0.1
22 silly currentTree ├── is-glob@2.0.1
22 silly currentTree ├── is-number@2.1.0
22 silly currentTree ├── is-posix-bracket@0.1.1
22 silly currentTree ├── is-primitive@2.0.0
22 silly currentTree ├── is-stream@1.1.0
22 silly currentTree ├── isarray@1.0.0
22 silly currentTree ├── isobject@2.1.0
22 silly currentTree ├── isomorphic-fetch@2.2.1
22 silly currentTree ├── jquery@3.1.1
22 silly currentTree ├── js-tokens@2.0.0
22 silly currentTree ├── jsesc@0.5.0
22 silly currentTree ├── json5@0.4.0
22 silly currentTree ├── kind-of@3.0.4
22 silly currentTree ├── lazy-cache@1.0.4
22 silly currentTree ├─┬ loader-utils@0.2.16
22 silly currentTree │ └── json5@0.5.0
22 silly currentTree ├── lodash-es@4.15.0
22 silly currentTree ├── lodash@4.15.0
22 silly currentTree ├── longest@1.0.1
22 silly currentTree ├─┬ loose-envify@1.2.0
22 silly currentTree │ └── js-tokens@1.0.3
22 silly currentTree ├── memory-fs@0.3.0
22 silly currentTree ├── micromatch@2.3.11
22 silly currentTree ├── minimatch@3.0.3
22 silly currentTree ├── minimist@1.2.0
22 silly currentTree ├─┬ mkdirp@0.5.1
22 silly currentTree │ └── minimist@0.0.8
22 silly currentTree ├── ms@0.7.1
22 silly currentTree ├── node-fetch@1.6.1
22 silly currentTree ├─┬ node-libs-browser@0.6.0
22 silly currentTree │ ├── isarray@0.0.1
22 silly currentTree │ └── readable-stream@1.1.14
22 silly currentTree ├── normalize-path@2.0.1
22 silly currentTree ├── number-is-nan@1.0.0
22 silly currentTree ├── object-assign@4.1.0
22 silly currentTree ├── object.omit@2.0.0
22 silly currentTree ├─┬ optimist@0.6.1
22 silly currentTree │ └── minimist@0.0.10
22 silly currentTree ├── os-browserify@0.1.2
22 silly currentTree ├── os-tmpdir@1.0.1
22 silly currentTree ├── pako@0.2.9
22 silly currentTree ├── parse-glob@3.0.4
22 silly currentTree ├── path-browserify@0.0.0
22 silly currentTree ├── path-exists@1.0.0
22 silly currentTree ├── path-is-absolute@1.0.0
22 silly currentTree ├── pbkdf2-compat@2.0.1
22 silly currentTree ├── preserve@0.2.0
22 silly currentTree ├── private@0.1.6
22 silly currentTree ├── process-nextick-args@1.0.7
22 silly currentTree ├── process@0.11.9
22 silly currentTree ├── promise@7.1.1
22 silly currentTree ├── prr@0.0.0
22 silly currentTree ├── punycode@1.4.1
22 silly currentTree ├── query-string@3.0.3
22 silly currentTree ├── querystring-es3@0.2.1
22 silly currentTree ├── querystring@0.2.0
22 silly currentTree ├── randomatic@1.1.5
22 silly currentTree ├── react-addons-css-transition-group@15.3.2
22 silly currentTree ├── react-dom@15.3.1
22 silly currentTree ├── react-keydown@1.6.2
22 silly currentTree ├── react-loading@0.0.9
22 silly currentTree ├── react-redux@4.4.5
22 silly currentTree ├─┬ react-router@2.8.1
22 silly currentTree │ └─┬ history@2.1.2
22 silly currentTree │   └── warning@2.1.0
22 silly currentTree ├── react@15.3.1
22 silly currentTree ├── readable-stream@2.1.5
22 silly currentTree ├── readdirp@2.1.0
22 silly currentTree ├── redux@3.6.0
22 silly currentTree ├── regenerate@1.3.1
22 silly currentTree ├── regenerator-runtime@0.9.5
22 silly currentTree ├── regex-cache@0.4.3
22 silly currentTree ├── regexpu-core@2.0.0
22 silly currentTree ├── regjsgen@0.2.0
22 silly currentTree ├── regjsparser@0.1.5
22 silly currentTree ├── repeat-element@1.1.2
22 silly currentTree ├── repeat-string@1.5.4
22 silly currentTree ├── repeating@1.1.3
22 silly currentTree ├── resolve-pathname@2.0.2
22 silly currentTree ├── right-align@0.1.3
22 silly currentTree ├── ripemd160@0.2.0
22 silly currentTree ├── set-immediate-shim@1.0.1
22 silly currentTree ├── sha.js@2.2.6
22 silly currentTree ├── shebang-regex@1.0.0
22 silly currentTree ├── slash@1.0.0
22 silly currentTree ├── source-list-map@0.1.6
22 silly currentTree ├─┬ source-map-support@0.2.10
22 silly currentTree │ └── source-map@0.1.32
22 silly currentTree ├── source-map@0.5.6
22 silly currentTree ├─┬ stream-browserify@1.0.0
22 silly currentTree │ ├── isarray@0.0.1
22 silly currentTree │ └── readable-stream@1.1.14
22 silly currentTree ├── strict-uri-encode@1.1.0
22 silly currentTree ├── string_decoder@0.10.31
22 silly currentTree ├── strip-ansi@3.0.1
22 silly currentTree ├── supports-color@2.0.0
22 silly currentTree ├── symbol-observable@1.0.2
22 silly currentTree ├── tapable@0.1.10
22 silly currentTree ├── timers-browserify@1.4.2
22 silly currentTree ├── to-fast-properties@1.0.2
22 silly currentTree ├── tty-browserify@0.0.0
22 silly currentTree ├── ua-parser-js@0.7.10
22 silly currentTree ├─┬ uglify-js@2.6.4
22 silly currentTree │ └── async@0.2.10
22 silly currentTree ├── uglify-to-browserify@1.0.2
22 silly currentTree ├─┬ url@0.10.3
22 silly currentTree │ └── punycode@1.3.2
22 silly currentTree ├── user-home@1.1.1
22 silly currentTree ├── util-deprecate@1.0.2
22 silly currentTree ├─┬ util@0.10.3
22 silly currentTree │ └── inherits@2.0.1
22 silly currentTree ├── vm-browserify@0.0.4
22 silly currentTree ├── warning@3.0.0
22 silly currentTree ├─┬ watchpack@0.2.9
22 silly currentTree │ └── async@0.9.2
22 silly currentTree ├─┬ webpack-core@0.6.8
22 silly currentTree │ └── source-map@0.4.4
22 silly currentTree ├─┬ webpack@1.13.2
22 silly currentTree │ └── supports-color@3.1.2
22 silly currentTree ├── whatwg-fetch@1.0.0
22 silly currentTree ├── window-size@0.1.0
22 silly currentTree ├── wordwrap@0.0.3
22 silly currentTree └── yargs@3.10.0
23 silly idealTree Pix@1.0.0
23 silly idealTree ├── acorn@3.3.0
23 silly idealTree ├── align-text@0.1.4
23 silly idealTree ├── amdefine@1.0.0
23 silly idealTree ├── ansi-regex@2.0.0
23 silly idealTree ├── ansi-styles@2.2.1
23 silly idealTree ├── anymatch@1.3.0
23 silly idealTree ├── arr-diff@2.0.0
23 silly idealTree ├── arr-flatten@1.0.1
23 silly idealTree ├── array-unique@0.2.1
23 silly idealTree ├── arrify@1.0.1
23 silly idealTree ├── asap@2.0.4
23 silly idealTree ├── assert@1.4.1
23 silly idealTree ├── async-each@1.0.1
23 silly idealTree ├── async@1.5.2
23 silly idealTree ├── babel-code-frame@6.11.0
23 silly idealTree ├── babel-core@6.14.0
23 silly idealTree ├── babel-generator@6.14.0
23 silly idealTree ├── babel-helper-builder-react-jsx@6.9.0
23 silly idealTree ├── babel-helper-call-delegate@6.8.0
23 silly idealTree ├── babel-helper-define-map@6.9.0
23 silly idealTree ├── babel-helper-function-name@6.8.0
23 silly idealTree ├── babel-helper-get-function-arity@6.8.0
23 silly idealTree ├── babel-helper-hoist-variables@6.8.0
23 silly idealTree ├── babel-helper-optimise-call-expression@6.8.0
23 silly idealTree ├── babel-helper-regex@6.9.0
23 silly idealTree ├── babel-helper-replace-supers@6.14.0
23 silly idealTree ├── babel-helpers@6.8.0
23 silly idealTree ├── babel-loader@6.2.5
23 silly idealTree ├── babel-messages@6.8.0
23 silly idealTree ├── babel-plugin-check-es2015-constants@6.8.0
23 silly idealTree ├── babel-plugin-syntax-async-functions@6.13.0
23 silly idealTree ├── babel-plugin-syntax-flow@6.13.0
23 silly idealTree ├── babel-plugin-syntax-jsx@6.13.0
23 silly idealTree ├── babel-plugin-transform-es2015-arrow-functions@6.8.0
23 silly idealTree ├── babel-plugin-transform-es2015-block-scoped-functions@6.8.0
23 silly idealTree ├── babel-plugin-transform-es2015-block-scoping@6.15.0
23 silly idealTree ├── babel-plugin-transform-es2015-classes@6.14.0
23 silly idealTree ├── babel-plugin-transform-es2015-computed-properties@6.8.0
23 silly idealTree ├── babel-plugin-transform-es2015-destructuring@6.9.0
23 silly idealTree ├── babel-plugin-transform-es2015-duplicate-keys@6.8.0
23 silly idealTree ├── babel-plugin-transform-es2015-for-of@6.8.0
23 silly idealTree ├── babel-plugin-transform-es2015-function-name@6.9.0
23 silly idealTree ├── babel-plugin-transform-es2015-literals@6.8.0
23 silly idealTree ├── babel-plugin-transform-es2015-modules-amd@6.8.0
23 silly idealTree ├── babel-plugin-transform-es2015-modules-commonjs@6.14.0
23 silly idealTree ├── babel-plugin-transform-es2015-modules-systemjs@6.14.0
23 silly idealTree ├── babel-plugin-transform-es2015-modules-umd@6.12.0
23 silly idealTree ├── babel-plugin-transform-es2015-object-super@6.8.0
23 silly idealTree ├── babel-plugin-transform-es2015-parameters@6.11.4
23 silly idealTree ├── babel-plugin-transform-es2015-shorthand-properties@6.8.0
23 silly idealTree ├── babel-plugin-transform-es2015-spread@6.8.0
23 silly idealTree ├── babel-plugin-transform-es2015-sticky-regex@6.8.0
23 silly idealTree ├── babel-plugin-transform-es2015-template-literals@6.8.0
23 silly idealTree ├── babel-plugin-transform-es2015-typeof-symbol@6.8.0
23 silly idealTree ├── babel-plugin-transform-es2015-unicode-regex@6.11.0
23 silly idealTree ├── babel-plugin-transform-flow-strip-types@6.14.0
23 silly idealTree ├── babel-plugin-transform-react-display-name@6.8.0
23 silly idealTree ├── babel-plugin-transform-react-jsx-self@6.11.0
23 silly idealTree ├── babel-plugin-transform-react-jsx-source@6.9.0
23 silly idealTree ├── babel-plugin-transform-react-jsx@6.8.0
23 silly idealTree ├── babel-plugin-transform-regenerator@6.14.0
23 silly idealTree ├── babel-plugin-transform-strict-mode@6.11.3
23 silly idealTree ├── babel-preset-es2015@6.14.0
23 silly idealTree ├── babel-preset-react@6.11.1
23 silly idealTree ├── babel-register@6.14.0
23 silly idealTree ├── babel-runtime@6.11.6
23 silly idealTree ├── babel-template@6.15.0
23 silly idealTree ├── babel-traverse@6.15.0
23 silly idealTree ├── babel-types@6.15.0
23 silly idealTree ├── babylon@6.9.2
23 silly idealTree ├── balanced-match@0.4.2
23 silly idealTree ├── base64-js@1.1.2
23 silly idealTree ├── Base64@0.2.1
23 silly idealTree ├── big.js@3.1.3
23 silly idealTree ├── binary-extensions@1.6.0
23 silly idealTree ├── bootbox@4.4.0
23 silly idealTree ├── brace-expansion@1.1.6
23 silly idealTree ├── braces@1.8.5
23 silly idealTree ├── browserify-zlib@0.1.4
23 silly idealTree ├── buffer-shims@1.0.0
23 silly idealTree ├── buffer@4.9.1
23 silly idealTree ├── camelcase@1.2.1
23 silly idealTree ├── center-align@0.1.3
23 silly idealTree ├── chalk@1.1.3
23 silly idealTree ├── chokidar@1.6.0
23 silly idealTree ├─┬ cliui@2.1.0
23 silly idealTree │ └── wordwrap@0.0.2
23 silly idealTree ├── clone@1.0.2
23 silly idealTree ├── concat-map@0.0.1
23 silly idealTree ├── console-browserify@1.1.0
23 silly idealTree ├── constants-browserify@0.0.1
23 silly idealTree ├── convert-source-map@1.3.0
23 silly idealTree ├── core-js@2.4.1
23 silly idealTree ├── core-util-is@1.0.2
23 silly idealTree ├── crypto-browserify@3.2.8
23 silly idealTree ├── date-now@0.1.4
23 silly idealTree ├── debug@2.2.0
23 silly idealTree ├── decamelize@1.2.0
23 silly idealTree ├── deep-equal@1.0.1
23 silly idealTree ├── detect-indent@3.0.1
23 silly idealTree ├── domain-browser@1.1.7
23 silly idealTree ├── emojis-list@2.0.1
23 silly idealTree ├── encoding@0.1.12
23 silly idealTree ├─┬ enhanced-resolve@0.9.1
23 silly idealTree │ └── memory-fs@0.2.0
23 silly idealTree ├── errno@0.1.4
23 silly idealTree ├── escape-string-regexp@1.0.5
23 silly idealTree ├── esutils@2.0.2
23 silly idealTree ├── events@1.1.1
23 silly idealTree ├── expand-brackets@0.1.5
23 silly idealTree ├── expand-range@1.8.2
23 silly idealTree ├── extglob@0.3.2
23 silly idealTree ├─┬ fbjs@0.8.4
23 silly idealTree │ └── core-js@1.2.7
23 silly idealTree ├── filename-regex@2.0.0
23 silly idealTree ├── fill-range@2.2.3
23 silly idealTree ├── for-in@0.1.6
23 silly idealTree ├── for-own@0.1.4
23 silly idealTree ├── get-stdin@4.0.1
23 silly idealTree ├── glob-base@0.3.0
23 silly idealTree ├── glob-parent@2.0.0
23 silly idealTree ├── globals@8.18.0
23 silly idealTree ├── graceful-fs@4.1.6
23 silly idealTree ├── has-ansi@2.0.0
23 silly idealTree ├── has-flag@1.0.0
23 silly idealTree ├── history@4.3.0
23 silly idealTree ├── hoist-non-react-statics@1.2.0
23 silly idealTree ├── home-or-tmp@1.0.0
23 silly idealTree ├── http-browserify@1.7.0
23 silly idealTree ├── https-browserify@0.0.0
23 silly idealTree ├── iconv-lite@0.4.13
23 silly idealTree ├── ieee754@1.1.6
23 silly idealTree ├── immutable@3.8.1
23 silly idealTree ├── indexof@0.0.1
23 silly idealTree ├── inherits@2.0.3
23 silly idealTree ├── interpret@0.6.6
23 silly idealTree ├── invariant@2.2.1
23 silly idealTree ├── is-binary-path@1.0.1
23 silly idealTree ├── is-buffer@1.1.4
23 silly idealTree ├── is-dotfile@1.0.2
23 silly idealTree ├── is-equal-shallow@0.1.3
23 silly idealTree ├── is-extendable@0.1.1
23 silly idealTree ├── is-extglob@1.0.0
23 silly idealTree ├── is-finite@1.0.1
23 silly idealTree ├── is-glob@2.0.1
23 silly idealTree ├── is-number@2.1.0
23 silly idealTree ├── is-posix-bracket@0.1.1
23 silly idealTree ├── is-primitive@2.0.0
23 silly idealTree ├── is-stream@1.1.0
23 silly idealTree ├── isarray@1.0.0
23 silly idealTree ├── isobject@2.1.0
23 silly idealTree ├── isomorphic-fetch@2.2.1
23 silly idealTree ├── jquery@3.1.1
23 silly idealTree ├── js-tokens@2.0.0
23 silly idealTree ├── jsesc@0.5.0
23 silly idealTree ├── json5@0.4.0
23 silly idealTree ├── kind-of@3.0.4
23 silly idealTree ├── lazy-cache@1.0.4
23 silly idealTree ├─┬ loader-utils@0.2.16
23 silly idealTree │ └── json5@0.5.0
23 silly idealTree ├── lodash-es@4.15.0
23 silly idealTree ├── lodash@4.15.0
23 silly idealTree ├── longest@1.0.1
23 silly idealTree ├─┬ loose-envify@1.2.0
23 silly idealTree │ └── js-tokens@1.0.3
23 silly idealTree ├── memory-fs@0.3.0
23 silly idealTree ├── micromatch@2.3.11
23 silly idealTree ├── minimatch@3.0.3
23 silly idealTree ├── minimist@1.2.0
23 silly idealTree ├─┬ mkdirp@0.5.1
23 silly idealTree │ └── minimist@0.0.8
23 silly idealTree ├── ms@0.7.1
23 silly idealTree ├── node-fetch@1.6.1
23 silly idealTree ├─┬ node-libs-browser@0.6.0
23 silly idealTree │ ├── isarray@0.0.1
23 silly idealTree │ └── readable-stream@1.1.14
23 silly idealTree ├── normalize-path@2.0.1
23 silly idealTree ├── number-is-nan@1.0.0
23 silly idealTree ├── object-assign@4.1.0
23 silly idealTree ├── object.omit@2.0.0
23 silly idealTree ├─┬ optimist@0.6.1
23 silly idealTree │ └── minimist@0.0.10
23 silly idealTree ├── os-browserify@0.1.2
23 silly idealTree ├── os-tmpdir@1.0.1
23 silly idealTree ├── pako@0.2.9
23 silly idealTree ├── parse-glob@3.0.4
23 silly idealTree ├── path-browserify@0.0.0
23 silly idealTree ├── path-exists@1.0.0
23 silly idealTree ├── path-is-absolute@1.0.0
23 silly idealTree ├── pbkdf2-compat@2.0.1
23 silly idealTree ├── preserve@0.2.0
23 silly idealTree ├── private@0.1.6
23 silly idealTree ├── process-nextick-args@1.0.7
23 silly idealTree ├── process@0.11.9
23 silly idealTree ├── promise@7.1.1
23 silly idealTree ├── prr@0.0.0
23 silly idealTree ├── punycode@1.4.1
23 silly idealTree ├── query-string@3.0.3
23 silly idealTree ├── querystring-es3@0.2.1
23 silly idealTree ├── querystring@0.2.0
23 silly idealTree ├── randomatic@1.1.5
23 silly idealTree ├── react-addons-css-transition-group@15.3.2
23 silly idealTree ├── react-dom@15.3.1
23 silly idealTree ├── react-keydown@1.6.2
23 silly idealTree ├── react-loading@0.0.9
23 silly idealTree ├── react-redux@4.4.5
23 silly idealTree ├─┬ react-router@2.8.1
23 silly idealTree │ └─┬ history@2.1.2
23 silly idealTree │   └── warning@2.1.0
23 silly idealTree ├── react@15.3.1
23 silly idealTree ├── readable-stream@2.1.5
23 silly idealTree ├── readdirp@2.1.0
23 silly idealTree ├── redux@3.6.0
23 silly idealTree ├── regenerate@1.3.1
23 silly idealTree ├── regenerator-runtime@0.9.5
23 silly idealTree ├── regex-cache@0.4.3
23 silly idealTree ├── regexpu-core@2.0.0
23 silly idealTree ├── regjsgen@0.2.0
23 silly idealTree ├── regjsparser@0.1.5
23 silly idealTree ├── repeat-element@1.1.2
23 silly idealTree ├── repeat-string@1.5.4
23 silly idealTree ├── repeating@1.1.3
23 silly idealTree ├── resolve-pathname@2.0.2
23 silly idealTree ├── right-align@0.1.3
23 silly idealTree ├── ripemd160@0.2.0
23 silly idealTree ├── set-immediate-shim@1.0.1
23 silly idealTree ├── sha.js@2.2.6
23 silly idealTree ├── shebang-regex@1.0.0
23 silly idealTree ├── slash@1.0.0
23 silly idealTree ├── source-list-map@0.1.6
23 silly idealTree ├─┬ source-map-support@0.2.10
23 silly idealTree │ └── source-map@0.1.32
23 silly idealTree ├── source-map@0.5.6
23 silly idealTree ├─┬ stream-browserify@1.0.0
23 silly idealTree │ ├── isarray@0.0.1
23 silly idealTree │ └── readable-stream@1.1.14
23 silly idealTree ├── strict-uri-encode@1.1.0
23 silly idealTree ├── string_decoder@0.10.31
23 silly idealTree ├── strip-ansi@3.0.1
23 silly idealTree ├── supports-color@2.0.0
23 silly idealTree ├── symbol-observable@1.0.2
23 silly idealTree ├── tapable@0.1.10
23 silly idealTree ├── timers-browserify@1.4.2
23 silly idealTree ├── to-fast-properties@1.0.2
23 silly idealTree ├── tty-browserify@0.0.0
23 silly idealTree ├── ua-parser-js@0.7.10
23 silly idealTree ├─┬ uglify-js@2.6.4
23 silly idealTree │ └── async@0.2.10
23 silly idealTree ├── uglify-to-browserify@1.0.2
23 silly idealTree ├─┬ url@0.10.3
23 silly idealTree │ └── punycode@1.3.2
23 silly idealTree ├── user-home@1.1.1
23 silly idealTree ├── util-deprecate@1.0.2
23 silly idealTree ├─┬ util@0.10.3
23 silly idealTree │ └── inherits@2.0.1
23 silly idealTree ├── vm-browserify@0.0.4
23 silly idealTree ├── warning@3.0.0
23 silly idealTree ├─┬ watchpack@0.2.9
23 silly idealTree │ └── async@0.9.2
23 silly idealTree ├─┬ webpack-core@0.6.8
23 silly idealTree │ └── source-map@0.4.4
23 silly idealTree ├─┬ webpack@1.13.2
23 silly idealTree │ └── supports-color@3.1.2
23 silly idealTree ├── whatwg-fetch@1.0.0
23 silly idealTree ├── window-size@0.1.0
23 silly idealTree ├── wordwrap@0.0.3
23 silly idealTree └── yargs@3.10.0
24 silly generateActionsToTake Starting
25 silly install generateActionsToTake
26 silly generateActionsToTake Finishing
27 silly diffTrees action count 1
28 silly diffTrees update react-loading@0.0.9
29 silly decomposeActions action count 8
30 silly decomposeActions fetch react-loading@0.0.9
31 silly decomposeActions extract react-loading@0.0.9
32 silly decomposeActions test react-loading@0.0.9
33 silly decomposeActions preinstall react-loading@0.0.9
34 silly decomposeActions build react-loading@0.0.9
35 silly decomposeActions install react-loading@0.0.9
36 silly decomposeActions postinstall react-loading@0.0.9
37 silly decomposeActions finalize react-loading@0.0.9
38 silly executeActions Starting
39 silly install executeActions
40 silly doSerial global-install 0
41 silly doParallel fetch 1
42 verbose correctMkdir /home/calvin/.npm/_locks correctMkdir not in flight; initializing
43 verbose lock using /home/calvin/.npm/_locks/staging-edb08d3bd7cfaa2d.lock for /home/calvin/Desktop/Pix/node_modules/.staging
44 silly doParallel extract 1
45 silly extract react-loading@0.0.9
46 verbose unbuild node_modules/.staging/react-loading-77af742c
47 silly gentlyRm /home/calvin/Desktop/Pix/node_modules/.staging/react-loading-77af742c is being purged from base /home/calvin/Desktop/Pix
48 verbose gentlyRm don't care about contents; nuking /home/calvin/Desktop/Pix/node_modules/.staging/react-loading-77af742c
49 verbose tar unpack /home/calvin/.npm/react-loading/0.0.9/package.tgz
50 verbose tar unpacking to /home/calvin/Desktop/Pix/node_modules/.staging/react-loading-77af742c
51 silly gentlyRm /home/calvin/Desktop/Pix/node_modules/.staging/react-loading-77af742c is being purged
52 verbose gentlyRm don't care about contents; nuking /home/calvin/Desktop/Pix/node_modules/.staging/react-loading-77af742c
53 silly gunzTarPerm modes [ '775', '664' ]
54 silly gunzTarPerm extractEntry package.json
55 silly gunzTarPerm modified mode [ 'package.json', 420, 436 ]
56 silly gunzTarPerm extractEntry .npmignore
57 silly gunzTarPerm modified mode [ '.npmignore', 420, 436 ]
58 silly gunzTarPerm extractEntry README.md
59 silly gunzTarPerm modified mode [ 'README.md', 420, 436 ]
60 silly gunzTarPerm extractEntry dist/react-loading.js
61 silly gunzTarPerm modified mode [ 'dist/react-loading.js', 420, 436 ]
62 silly gunzTarPerm extractEntry index.html
63 silly gunzTarPerm modified mode [ 'index.html', 420, 436 ]
64 silly gunzTarPerm extractEntry lib/react-loading.js
65 silly gunzTarPerm modified mode [ 'lib/react-loading.js', 420, 436 ]
66 silly gunzTarPerm extractEntry lib/svg/index.js
67 silly gunzTarPerm modified mode [ 'lib/svg/index.js', 420, 436 ]
68 silly gunzTarPerm extractEntry lib/svg/blank.svg
69 silly gunzTarPerm modified mode [ 'lib/svg/blank.svg', 420, 436 ]
70 silly gunzTarPerm extractEntry lib/svg/loading-balls.svg
71 silly gunzTarPerm modified mode [ 'lib/svg/loading-balls.svg', 420, 436 ]
72 silly gunzTarPerm extractEntry lib/svg/loading-bars.svg
73 silly gunzTarPerm modified mode [ 'lib/svg/loading-bars.svg', 420, 436 ]
74 silly gunzTarPerm extractEntry lib/svg/loading-bubbles.svg
75 silly gunzTarPerm modified mode [ 'lib/svg/loading-bubbles.svg', 420, 436 ]
76 silly gunzTarPerm extractEntry lib/svg/loading-cubes.svg
77 silly gunzTarPerm modified mode [ 'lib/svg/loading-cubes.svg', 420, 436 ]
78 silly gunzTarPerm extractEntry lib/svg/loading-cylon.svg
79 silly gunzTarPerm modified mode [ 'lib/svg/loading-cylon.svg', 420, 436 ]
80 silly gunzTarPerm extractEntry lib/svg/loading-spin.svg
81 silly gunzTarPerm modified mode [ 'lib/svg/loading-spin.svg', 420, 436 ]
82 silly gunzTarPerm extractEntry lib/svg/loading-spinning-bubbles.svg
83 silly gunzTarPerm modified mode [ 'lib/svg/loading-spinning-bubbles.svg', 420, 436 ]
84 silly gunzTarPerm extractEntry lib/svg/loading-spokes.svg
85 silly gunzTarPerm modified mode [ 'lib/svg/loading-spokes.svg', 420, 436 ]
86 silly gentlyRm /home/calvin/Desktop/Pix/node_modules/.staging/react-loading-77af742c/node_modules is being purged
87 verbose gentlyRm don't care about contents; nuking /home/calvin/Desktop/Pix/node_modules/.staging/react-loading-77af742c/node_modules
88 silly doParallel preinstall 1
89 silly preinstall react-loading@0.0.9 /home/calvin/Desktop/Pix/node_modules/.staging/react-loading-77af742c
90 info lifecycle react-loading@0.0.9~preinstall: react-loading@0.0.9
91 silly lifecycle react-loading@0.0.9~preinstall: no script for preinstall, continuing
92 silly doReverseSerial remove 0
93 silly doSerial move 0
94 silly doSerial finalize 1
95 silly finalize /home/calvin/Desktop/Pix/node_modules/react-loading
96 verbose unlock done using /home/calvin/.npm/_locks/staging-edb08d3bd7cfaa2d.lock for /home/calvin/Desktop/Pix/node_modules/.staging
97 silly rollbackFailedOptional Starting
98 silly rollbackFailedOptional Finishing
99 silly runTopLevelLifecycles Starting
100 silly runTopLevelLifecycles Finishing
101 silly install printInstalled
102 warn react-addons-css-transition-group@15.3.2 requires a peer of react@^15.3.2 but none was installed.
103 warn Pix@1.0.0 No description
104 verbose stack Error: ENOTEMPTY: directory not empty, rename '/home/calvin/Desktop/Pix/node_modules/react-loading' -> '/home/calvin/Desktop/Pix/node_modules/.react-loading.DELETE'
104 verbose stack     at moveAway (/home/calvin/.nvm/versions/node/v6.1.0/lib/node_modules/npm/lib/install/action/finalize.js:38:5)
104 verbose stack     at destStatted (/home/calvin/.nvm/versions/node/v6.1.0/lib/node_modules/npm/lib/install/action/finalize.js:27:7)
104 verbose stack     at FSReqWrap.oncomplete (fs.js:117:15)
104 verbose stack
104 verbose stack Error: ENOTEMPTY: directory not empty, rename '/home/calvin/Desktop/Pix/node_modules/react-loading' -> '/home/calvin/Desktop/Pix/node_modules/.react-loading.DELETE'
104 verbose stack     at Error (native)
105 verbose cwd /home/calvin/Desktop/Pix
106 error Linux 4.4.0-45-generic
107 error argv "/home/calvin/.nvm/versions/node/v6.1.0/bin/node" "/home/calvin/.nvm/versions/node/v6.1.0/bin/npm" "remove" "react-infinite"
108 error node v6.1.0
109 error npm  v3.8.6
110 error path /home/calvin/Desktop/Pix/node_modules/react-loading
111 error code ENOTEMPTY
112 error errno -39
113 error syscall rename
114 error ENOTEMPTY: directory not empty, rename '/home/calvin/Desktop/Pix/node_modules/react-loading' -> '/home/calvin/Desktop/Pix/node_modules/.react-loading.DELETE'
115 error If you need help, you may report this error at:
115 error     <https://github.com/npm/npm/issues>
116 verbose exit [ -39, true ]
